RUN	mock.CatsKarateSimulation	catskaratesimulation	1679536389172	 	3.7.4
USER	create	START	1679536389196
USER	delete	START	1679536389197
USER	custom	START	1679536389198
USER	custom	END	1679536389219
REQUEST	delete cats	GET /cats	1679536389300	1679536389387	OK	 
GROUP	delete cats	1679536389197	1679536389390	0	OK
USER	delete	END	1679536389390
REQUEST		POST /cats	1679536389300	1679536389400	OK	 
REQUEST		GET /cats/{id}	1679536389404	1679536389415	KO	mock/cats-create.feature:21 match response == { id: '#(id)', name: 'Billi' }
USER	create	END	1679536389416
USER	create	START	1679536389697
USER	custom	START	1679536389693
USER	custom	END	1679536389699
REQUEST		POST /cats	1679536389746	1679536389757	OK	 
REQUEST		GET /cats/{id}	1679536389759	1679536389768	KO	mock/cats-create.feature:21 match response == { id: '#(id)', name: 'Billi' }
USER	create	END	1679536389768
USER	create	START	1679536390197
USER	delete	START	1679536390193
USER	custom	START	1679536390192
USER	custom	END	1679536390199
REQUEST		POST /cats	1679536390236	1679536390245	OK	 
REQUEST		GET /cats/{id}	1679536390246	1679536390257	KO	mock/cats-create.feature:21 match response == { id: '#(id)', name: 'Billi' }
USER	create	END	1679536390257
USER	create	START	1679536390695
USER	custom	START	1679536390693
USER	custom	END	1679536390699
REQUEST		POST /cats	1679536390736	1679536390750	OK	 
REQUEST		GET /cats/{id}	1679536390752	1679536390761	KO	mock/cats-create.feature:21 match response == { id: '#(id)', name: 'Billi' }
USER	create	END	1679536390762
REQUEST	delete cats	DELETE /cats/{id}	1679536390238	1679536391107	OK	 
REQUEST	delete cats	cats-get-404	1679536391113	1679536391129	OK	 
USER	delete	START	1679536391193
USER	custom	START	1679536391193
USER	custom	END	1679536391194
USER	create	START	1679536391195
REQUEST		POST /cats	1679536391241	1679536391248	OK	 
REQUEST		GET /cats/{id}	1679536391249	1679536391256	KO	mock/cats-create.feature:21 match response == { id: '#(id)', name: 'Billi' }
USER	create	END	1679536391256
USER	create	START	1679536391692
USER	custom	START	1679536391692
USER	custom	END	1679536391699
REQUEST		POST /cats	1679536391736	1679536391745	OK	 
REQUEST		GET /cats/{id}	1679536391747	1679536391755	KO	mock/cats-create.feature:21 match response == { id: '#(id)', name: 'Billi' }
USER	create	END	1679536391755
REQUEST	delete cats	DELETE /cats/{id}	1679536391132	1679536391996	OK	 
REQUEST	delete cats	cats-get-404	1679536392000	1679536392016	OK	 
REQUEST	delete cats	GET /cats	1679536390224	1679536390234	OK	 
GROUP	delete cats	1679536390193	1679536392015	0	OK
USER	delete	END	1679536392015
REQUEST	delete cats	DELETE /cats/{id}	1679536391236	1679536392095	OK	 
REQUEST	delete cats	cats-get-404	1679536392098	1679536392104	OK	 
USER	create	START	1679536392193
USER	delete	START	1679536392192
USER	custom	START	1679536392192
USER	custom	END	1679536392194
REQUEST		POST /cats	1679536392227	1679536392231	OK	 
REQUEST		GET /cats/{id}	1679536392232	1679536392236	KO	mock/cats-create.feature:21 match response == { id: '#(id)', name: 'Billi' }
USER	create	END	1679536392236
USER	create	START	1679536392692
USER	custom	START	1679536392692
USER	custom	END	1679536392698
REQUEST		POST /cats	1679536392731	1679536392739	OK	 
REQUEST		GET /cats/{id}	1679536392742	1679536392747	KO	mock/cats-create.feature:21 match response == { id: '#(id)', name: 'Billi' }
USER	create	END	1679536392747
REQUEST	delete cats	DELETE /cats/{id}	1679536392106	1679536392967	OK	 
REQUEST	delete cats	cats-get-404	1679536392972	1679536392980	OK	 
REQUEST	delete cats	GET /cats	1679536391226	1679536391233	OK	 
GROUP	delete cats	1679536391193	1679536392981	0	OK
USER	delete	END	1679536392981
REQUEST	delete cats	DELETE /cats/{id}	1679536392222	1679536393078	OK	 
REQUEST	delete cats	cats-get-404	1679536393082	1679536393088	OK	 
USER	create	START	1679536393192
USER	delete	START	1679536393192
USER	custom	START	1679536393192
USER	custom	END	1679536393194
REQUEST		POST /cats	1679536393231	1679536393236	OK	 
REQUEST		GET /cats/{id}	1679536393238	1679536393241	KO	mock/cats-create.feature:21 match response == { id: '#(id)', name: 'Billi' }
USER	create	END	1679536393241
USER	create	START	1679536393692
USER	custom	START	1679536393692
USER	custom	END	1679536393698
REQUEST		POST /cats	1679536393731	1679536393738	OK	 
REQUEST		GET /cats/{id}	1679536393740	1679536393745	KO	mock/cats-create.feature:21 match response == { id: '#(id)', name: 'Billi' }
USER	create	END	1679536393745
REQUEST	delete cats	DELETE /cats/{id}	1679536393091	1679536393947	OK	 
REQUEST	delete cats	cats-get-404	1679536393950	1679536393959	OK	 
REQUEST	delete cats	GET /cats	1679536392216	1679536392219	OK	 
GROUP	delete cats	1679536392192	1679536393959	0	OK
USER	delete	END	1679536393959
REQUEST	delete cats	DELETE /cats/{id}	1679536393223	1679536394079	OK	 
REQUEST	delete cats	cats-get-404	1679536394082	1679536394088	OK	 
REQUEST	delete cats	DELETE /cats/{id}	1679536394091	1679536394950	OK	 
REQUEST	delete cats	cats-get-404	1679536394953	1679536394960	OK	 
REQUEST	delete cats	GET /cats	1679536393217	1679536393220	OK	 
GROUP	delete cats	1679536393192	1679536394960	0	OK
USER	delete	END	1679536394960
