RUN	mock.CatsKarateSimulation	catskaratesimulation	1679578386484	 	3.7.4
USER	create	START	1679578386511
USER	custom	START	1679578386513
USER	custom	END	1679578386538
USER	delete	START	1679578386512
REQUEST	delete cats	GET /cats	1679578386628	1679578386724	OK	 
GROUP	delete cats	1679578386512	1679578386727	0	OK
USER	delete	END	1679578386727
REQUEST		POST /cats	1679578386628	1679578386739	OK	 
REQUEST		GET /cats/{id}	1679578386744	1679578386757	KO	mock/cats-create.feature:21 match response == { id: '#(id)', name: 'Billi' }
USER	create	END	1679578386759
USER	create	START	1679578387007
USER	custom	START	1679578387006
USER	custom	END	1679578387009
REQUEST		POST /cats	1679578387052	1679578387063	OK	 
REQUEST		GET /cats/{id}	1679578387064	1679578387073	KO	mock/cats-create.feature:21 match response == { id: '#(id)', name: 'Billi' }
USER	create	END	1679578387073
USER	create	START	1679578387510
USER	delete	START	1679578387507
USER	custom	START	1679578387507
USER	custom	END	1679578387515
REQUEST		POST /cats	1679578387554	1679578387564	OK	 
REQUEST		GET /cats/{id}	1679578387565	1679578387582	KO	mock/cats-create.feature:21 match response == { id: '#(id)', name: 'Billi' }
USER	create	END	1679578387582
USER	create	START	1679578388011
USER	custom	START	1679578388007
USER	custom	END	1679578388013
REQUEST		POST /cats	1679578388050	1679578388060	OK	 
REQUEST		GET /cats/{id}	1679578388062	1679578388070	KO	mock/cats-create.feature:21 match response == { id: '#(id)', name: 'Billi' }
USER	create	END	1679578388070
REQUEST	delete cats	DELETE /cats/{id}	1679578387554	1679578388431	OK	 
REQUEST	delete cats	cats-get-404	1679578388435	1679578388448	OK	 
USER	custom	START	1679578388506
USER	delete	START	1679578388507
USER	create	START	1679578388508
USER	custom	END	1679578388508
REQUEST		POST /cats	1679578388541	1679578388553	OK	 
REQUEST		GET /cats/{id}	1679578388555	1679578388562	KO	mock/cats-create.feature:21 match response == { id: '#(id)', name: 'Billi' }
USER	create	END	1679578388562
USER	create	START	1679578389006
USER	custom	START	1679578389008
USER	custom	END	1679578389014
REQUEST		POST /cats	1679578389049	1679578389058	OK	 
REQUEST		GET /cats/{id}	1679578389060	1679578389068	KO	mock/cats-create.feature:21 match response == { id: '#(id)', name: 'Billi' }
USER	create	END	1679578389068
REQUEST	delete cats	DELETE /cats/{id}	1679578388451	1679578389316	OK	 
REQUEST	delete cats	cats-get-404	1679578389320	1679578389337	OK	 
REQUEST	delete cats	GET /cats	1679578387540	1679578387550	OK	 
GROUP	delete cats	1679578387507	1679578389337	0	OK
USER	delete	END	1679578389337
REQUEST	delete cats	DELETE /cats/{id}	1679578388541	1679578389401	OK	 
REQUEST	delete cats	cats-get-404	1679578389403	1679578389411	OK	 
USER	create	START	1679578389506
USER	delete	START	1679578389506
USER	custom	START	1679578389507
USER	custom	END	1679578389508
REQUEST		POST /cats	1679578389546	1679578389550	OK	 
REQUEST		GET /cats/{id}	1679578389551	1679578389555	KO	mock/cats-create.feature:21 match response == { id: '#(id)', name: 'Billi' }
USER	create	END	1679578389555
USER	create	START	1679578390006
USER	custom	START	1679578390006
USER	custom	END	1679578390012
REQUEST		POST /cats	1679578390051	1679578390061	OK	 
REQUEST		GET /cats/{id}	1679578390064	1679578390070	KO	mock/cats-create.feature:21 match response == { id: '#(id)', name: 'Billi' }
USER	create	END	1679578390070
REQUEST	delete cats	DELETE /cats/{id}	1679578389414	1679578390274	OK	 
REQUEST	delete cats	cats-get-404	1679578390278	1679578390286	OK	 
REQUEST	delete cats	GET /cats	1679578388530	1679578388537	OK	 
GROUP	delete cats	1679578388507	1679578390286	0	OK
USER	delete	END	1679578390286
REQUEST	delete cats	DELETE /cats/{id}	1679578389542	1679578390399	OK	 
REQUEST	delete cats	cats-get-404	1679578390402	1679578390409	OK	 
USER	create	START	1679578390506
USER	custom	START	1679578390506
USER	delete	START	1679578390506
USER	custom	END	1679578390508
REQUEST		POST /cats	1679578390538	1679578390543	OK	 
REQUEST		GET /cats/{id}	1679578390544	1679578390548	KO	mock/cats-create.feature:21 match response == { id: '#(id)', name: 'Billi' }
USER	create	END	1679578390548
USER	create	START	1679578391006
USER	custom	START	1679578391006
USER	custom	END	1679578391011
REQUEST		POST /cats	1679578391047	1679578391055	OK	 
REQUEST		GET /cats/{id}	1679578391056	1679578391060	KO	mock/cats-create.feature:21 match response == { id: '#(id)', name: 'Billi' }
USER	create	END	1679578391060
REQUEST	delete cats	DELETE /cats/{id}	1679578390412	1679578391280	OK	 
REQUEST	delete cats	cats-get-404	1679578391283	1679578391294	OK	 
REQUEST	delete cats	GET /cats	1679578389534	1679578389538	OK	 
GROUP	delete cats	1679578389506	1679578391294	0	OK
USER	delete	END	1679578391294
REQUEST	delete cats	DELETE /cats/{id}	1679578390532	1679578391387	OK	 
REQUEST	delete cats	cats-get-404	1679578391391	1679578391399	OK	 
REQUEST	delete cats	DELETE /cats/{id}	1679578391403	1679578392263	OK	 
REQUEST	delete cats	cats-get-404	1679578392266	1679578392274	OK	 
REQUEST	delete cats	GET /cats	1679578390527	1679578390530	OK	 
GROUP	delete cats	1679578390506	1679578392274	0	OK
USER	delete	END	1679578392274
