RUN	mock.CatsKarateSimulation	catskaratesimulation	1697532763673	 	3.9.5
USER	create	START	1697532763710
USER	custom	START	1697532763720
USER	delete	START	1697532763720
USER	custom	END	1697532763722
REQUEST	delete cats	GET /cats	1697532763817	1697532763911	OK	 
GROUP	delete cats	1697532763709	1697532763915	0	OK
USER	delete	END	1697532763915
REQUEST		POST /cats	1697532763817	1697532763927	OK	 
REQUEST		GET /cats/{id}	1697532763934	1697532763946	KO	mock/cats-create.feature:21 match response == { id: '#(id)', name: 'Billi' }
USER	create	END	1697532763950
USER	create	START	1697532764206
USER	custom	START	1697532764212
USER	custom	END	1697532764213
REQUEST		POST /cats	1697532764258	1697532764271	OK	 
REQUEST		GET /cats/{id}	1697532764273	1697532764283	KO	mock/cats-create.feature:21 match response == { id: '#(id)', name: 'Billi' }
USER	create	END	1697532764284
USER	create	START	1697532764706
USER	custom	START	1697532764710
USER	delete	START	1697532764710
USER	custom	END	1697532764711
REQUEST		POST /cats	1697532764755	1697532764769	OK	 
REQUEST		GET /cats/{id}	1697532764771	1697532764782	KO	mock/cats-create.feature:21 match response == { id: '#(id)', name: 'Billi' }
USER	create	END	1697532764783
USER	create	START	1697532765206
USER	custom	START	1697532765210
USER	custom	END	1697532765210
REQUEST		POST /cats	1697532765249	1697532765265	OK	 
REQUEST		GET /cats/{id}	1697532765268	1697532765277	KO	mock/cats-create.feature:21 match response == { id: '#(id)', name: 'Billi' }
USER	create	END	1697532765279
REQUEST	delete cats	DELETE /cats/{id}	1697532764761	1697532765631	OK	 
REQUEST	delete cats	cats-get-404	1697532765640	1697532765658	OK	 
USER	delete	START	1697532765704
USER	custom	START	1697532765705
USER	custom	END	1697532765705
USER	create	START	1697532765705
REQUEST		POST /cats	1697532765739	1697532765751	OK	 
REQUEST		GET /cats/{id}	1697532765753	1697532765760	KO	mock/cats-create.feature:21 match response == { id: '#(id)', name: 'Billi' }
USER	create	END	1697532765761
USER	create	START	1697532766204
USER	custom	START	1697532766209
USER	custom	END	1697532766211
REQUEST		POST /cats	1697532766246	1697532766256	OK	 
REQUEST		GET /cats/{id}	1697532766258	1697532766265	KO	mock/cats-create.feature:21 match response == { id: '#(id)', name: 'Billi' }
USER	create	END	1697532766266
REQUEST	delete cats	DELETE /cats/{id}	1697532765661	1697532766525	OK	 
REQUEST	delete cats	cats-get-404	1697532766530	1697532766546	OK	 
REQUEST	delete cats	GET /cats	1697532764736	1697532764752	OK	 
GROUP	delete cats	1697532764704	1697532766547	0	OK
USER	delete	END	1697532766547
REQUEST	delete cats	DELETE /cats/{id}	1697532765739	1697532766598	OK	 
REQUEST	delete cats	cats-get-404	1697532766600	1697532766607	OK	 
USER	create	START	1697532766704
USER	custom	START	1697532766706
USER	delete	START	1697532766706
USER	custom	END	1697532766706
REQUEST		POST /cats	1697532766740	1697532766745	OK	 
REQUEST		GET /cats/{id}	1697532766747	1697532766751	KO	mock/cats-create.feature:21 match response == { id: '#(id)', name: 'Billi' }
USER	create	END	1697532766752
USER	create	START	1697532767204
USER	custom	START	1697532767208
USER	custom	END	1697532767210
REQUEST		POST /cats	1697532767247	1697532767258	OK	 
REQUEST		GET /cats/{id}	1697532767260	1697532767266	KO	mock/cats-create.feature:21 match response == { id: '#(id)', name: 'Billi' }
USER	create	END	1697532767267
REQUEST	delete cats	DELETE /cats/{id}	1697532766610	1697532767474	OK	 
REQUEST	delete cats	cats-get-404	1697532767478	1697532767486	OK	 
REQUEST	delete cats	GET /cats	1697532765729	1697532765736	OK	 
GROUP	delete cats	1697532765703	1697532767487	0	OK
USER	delete	END	1697532767487
REQUEST	delete cats	DELETE /cats/{id}	1697532766736	1697532767593	OK	 
REQUEST	delete cats	cats-get-404	1697532767594	1697532767598	OK	 
USER	create	START	1697532767703
USER	delete	START	1697532767704
USER	custom	START	1697532767704
USER	custom	END	1697532767705
REQUEST		POST /cats	1697532767735	1697532767740	OK	 
REQUEST		GET /cats/{id}	1697532767741	1697532767745	KO	mock/cats-create.feature:21 match response == { id: '#(id)', name: 'Billi' }
USER	create	END	1697532767746
USER	create	START	1697532768204
USER	custom	START	1697532768210
USER	custom	END	1697532768212
REQUEST		POST /cats	1697532768252	1697532768261	OK	 
REQUEST		GET /cats/{id}	1697532768264	1697532768268	KO	mock/cats-create.feature:21 match response == { id: '#(id)', name: 'Billi' }
USER	create	END	1697532768269
REQUEST	delete cats	DELETE /cats/{id}	1697532767601	1697532768458	OK	 
REQUEST	delete cats	cats-get-404	1697532768462	1697532768479	OK	 
REQUEST	delete cats	GET /cats	1697532766729	1697532766733	OK	 
GROUP	delete cats	1697532766703	1697532768480	0	OK
USER	delete	END	1697532768480
REQUEST	delete cats	DELETE /cats/{id}	1697532767732	1697532768587	OK	 
REQUEST	delete cats	cats-get-404	1697532768589	1697532768594	OK	 
REQUEST	delete cats	DELETE /cats/{id}	1697532768596	1697532769454	OK	 
REQUEST	delete cats	cats-get-404	1697532769458	1697532769466	OK	 
REQUEST	delete cats	GET /cats	1697532767726	1697532767730	OK	 
GROUP	delete cats	1697532767703	1697532769467	0	OK
USER	delete	END	1697532769467
