RUN	mock.CatsKarateSimulation	catskaratesimulation	1679578442146	 	3.7.4
USER	create	START	1679578442173
USER	delete	START	1679578442175
USER	custom	START	1679578442175
USER	custom	END	1679578442204
REQUEST	delete cats	GET /cats	1679578442277	1679578442372	OK	 
GROUP	delete cats	1679578442175	1679578442375	0	OK
USER	delete	END	1679578442375
REQUEST		POST /cats	1679578442277	1679578442387	OK	 
REQUEST		GET /cats/{id}	1679578442391	1679578442404	KO	mock/cats-create.feature:21 match response == { id: '#(id)', name: 'Billi' }
USER	create	END	1679578442405
USER	create	START	1679578442671
USER	custom	START	1679578442671
USER	custom	END	1679578442678
REQUEST		POST /cats	1679578442714	1679578442726	OK	 
REQUEST		GET /cats/{id}	1679578442729	1679578442738	KO	mock/cats-create.feature:21 match response == { id: '#(id)', name: 'Billi' }
USER	create	END	1679578442739
USER	create	START	1679578443172
USER	custom	START	1679578443170
USER	delete	START	1679578443170
USER	custom	END	1679578443177
REQUEST		POST /cats	1679578443220	1679578443232	OK	 
REQUEST		GET /cats/{id}	1679578443234	1679578443242	KO	mock/cats-create.feature:21 match response == { id: '#(id)', name: 'Billi' }
USER	create	END	1679578443242
USER	create	START	1679578443672
USER	custom	START	1679578443670
USER	custom	END	1679578443677
REQUEST		POST /cats	1679578443714	1679578443725	OK	 
REQUEST		GET /cats/{id}	1679578443727	1679578443736	KO	mock/cats-create.feature:21 match response == { id: '#(id)', name: 'Billi' }
USER	create	END	1679578443737
REQUEST	delete cats	DELETE /cats/{id}	1679578443215	1679578444083	OK	 
REQUEST	delete cats	cats-get-404	1679578444088	1679578444105	OK	 
USER	delete	START	1679578444170
USER	custom	START	1679578444170
USER	custom	END	1679578444172
USER	create	START	1679578444172
REQUEST		POST /cats	1679578444207	1679578444221	OK	 
REQUEST		GET /cats/{id}	1679578444223	1679578444231	KO	mock/cats-create.feature:21 match response == { id: '#(id)', name: 'Billi' }
USER	create	END	1679578444231
USER	create	START	1679578444669
USER	custom	START	1679578444669
USER	custom	END	1679578444679
REQUEST		POST /cats	1679578444715	1679578444724	OK	 
REQUEST		GET /cats/{id}	1679578444726	1679578444733	KO	mock/cats-create.feature:21 match response == { id: '#(id)', name: 'Billi' }
USER	create	END	1679578444734
REQUEST	delete cats	DELETE /cats/{id}	1679578444108	1679578444969	OK	 
REQUEST	delete cats	cats-get-404	1679578444971	1679578444978	OK	 
REQUEST	delete cats	GET /cats	1679578443202	1679578443211	OK	 
GROUP	delete cats	1679578443170	1679578444978	0	OK
USER	delete	END	1679578444978
REQUEST	delete cats	DELETE /cats/{id}	1679578444207	1679578445067	OK	 
REQUEST	delete cats	cats-get-404	1679578445068	1679578445073	OK	 
USER	create	START	1679578445170
USER	delete	START	1679578445169
USER	custom	START	1679578445169
USER	custom	END	1679578445170
REQUEST		POST /cats	1679578445202	1679578445207	OK	 
REQUEST		GET /cats/{id}	1679578445208	1679578445212	KO	mock/cats-create.feature:21 match response == { id: '#(id)', name: 'Billi' }
USER	create	END	1679578445212
USER	create	START	1679578445670
USER	custom	START	1679578445669
USER	custom	END	1679578445674
REQUEST		POST /cats	1679578445709	1679578445718	OK	 
REQUEST		GET /cats/{id}	1679578445720	1679578445724	KO	mock/cats-create.feature:21 match response == { id: '#(id)', name: 'Billi' }
USER	create	END	1679578445724
REQUEST	delete cats	DELETE /cats/{id}	1679578445076	1679578445933	OK	 
REQUEST	delete cats	cats-get-404	1679578445935	1679578445939	OK	 
REQUEST	delete cats	GET /cats	1679578444197	1679578444204	OK	 
GROUP	delete cats	1679578444170	1679578445939	0	OK
USER	delete	END	1679578445939
REQUEST	delete cats	DELETE /cats/{id}	1679578445197	1679578446054	OK	 
REQUEST	delete cats	cats-get-404	1679578446057	1679578446064	OK	 
USER	delete	START	1679578446168
USER	custom	START	1679578446170
USER	create	START	1679578446174
USER	custom	END	1679578446174
REQUEST		POST /cats	1679578446210	1679578446214	OK	 
REQUEST		GET /cats/{id}	1679578446215	1679578446219	KO	mock/cats-create.feature:21 match response == { id: '#(id)', name: 'Billi' }
USER	create	END	1679578446219
USER	create	START	1679578446669
USER	custom	START	1679578446670
USER	custom	END	1679578446675
REQUEST		POST /cats	1679578446712	1679578446722	OK	 
REQUEST		GET /cats/{id}	1679578446724	1679578446728	KO	mock/cats-create.feature:21 match response == { id: '#(id)', name: 'Billi' }
USER	create	END	1679578446729
REQUEST	delete cats	DELETE /cats/{id}	1679578446067	1679578446925	OK	 
REQUEST	delete cats	cats-get-404	1679578446930	1679578446941	OK	 
REQUEST	delete cats	GET /cats	1679578445190	1679578445193	OK	 
GROUP	delete cats	1679578445169	1679578446941	0	OK
USER	delete	END	1679578446941
REQUEST	delete cats	DELETE /cats/{id}	1679578446203	1679578447062	OK	 
REQUEST	delete cats	cats-get-404	1679578447065	1679578447071	OK	 
REQUEST	delete cats	DELETE /cats/{id}	1679578447075	1679578447934	OK	 
REQUEST	delete cats	cats-get-404	1679578447939	1679578447946	OK	 
REQUEST	delete cats	GET /cats	1679578446197	1679578446201	OK	 
GROUP	delete cats	1679578446168	1679578447946	0	OK
USER	delete	END	1679578447946
